0 info it worked if it ends with ok
1 verbose cli [ 'C:\\Program Files\\nodejs\\node.exe',
1 verbose cli   'C:\\Program Files\\nodejs\\node_modules\\npm\\bin\\npm-cli.js',
1 verbose cli   'publish' ]
2 info using npm@3.10.9
3 info using node@v7.2.0
4 verbose publish [ '.' ]
5 silly cache add args [ '.', null ]
6 verbose cache add spec .
7 silly cache add parsed spec Result {
7 silly cache add   raw: '.',
7 silly cache add   scope: null,
7 silly cache add   escapedName: null,
7 silly cache add   name: null,
7 silly cache add   rawSpec: '.',
7 silly cache add   spec: 'C:\\E\\github\\active-ui',
7 silly cache add   type: 'directory' }
8 verbose addLocalDirectory C:\Users\JanvierCheng\AppData\Roaming\npm-cache\active-ui\1.0.0\package.tgz not in flight; packing
9 verbose correctMkdir C:\Users\JanvierCheng\AppData\Roaming\npm-cache correctMkdir not in flight; initializing
10 info lifecycle active-ui@1.0.0~prepublish: active-ui@1.0.0
11 silly lifecycle active-ui@1.0.0~prepublish: no script for prepublish, continuing
12 verbose tar pack [ 'C:\\Users\\JanvierCheng\\AppData\\Roaming\\npm-cache\\active-ui\\1.0.0\\package.tgz',
12 verbose tar pack   'C:\\E\\github\\active-ui' ]
13 verbose tarball C:\Users\JanvierCheng\AppData\Roaming\npm-cache\active-ui\1.0.0\package.tgz
14 verbose folder C:\E\github\active-ui
15 verbose addLocalTarball adding from inside cache C:\Users\JanvierCheng\AppData\Roaming\npm-cache\active-ui\1.0.0\package.tgz
16 verbose correctMkdir C:\Users\JanvierCheng\AppData\Roaming\npm-cache correctMkdir not in flight; initializing
17 silly cache afterAdd active-ui@1.0.0
18 verbose afterAdd C:\Users\JanvierCheng\AppData\Roaming\npm-cache\active-ui\1.0.0\package\package.json not in flight; writing
19 verbose correctMkdir C:\Users\JanvierCheng\AppData\Roaming\npm-cache correctMkdir not in flight; initializing
20 verbose afterAdd C:\Users\JanvierCheng\AppData\Roaming\npm-cache\active-ui\1.0.0\package\package.json written
21 silly publish { name: 'active-ui',
21 silly publish   version: '1.0.0',
21 silly publish   description: 'A powerful Vue.js 2.0 UI Toolkit for Web',
21 silly publish   main: 'dist/ActiveUI.min.js',
21 silly publish   author: { name: 'Ivan Warke' },
21 silly publish   license: 'MIT',
21 silly publish   dependencies: { 'velocity-animate': '^1.5.0', 'vue-focus': '^2.1.0' },
21 silly publish   directories: { src: 'src/' },
21 silly publish   files: [ 'LICENSE', 'README.md', 'CHANGELOG.md', 'src', 'dist' ],
21 silly publish   eslintConfig: { env: { browser: true, node: true } },
21 silly publish   scripts:
21 silly publish    { dev: 'webpack --watch & npm run docs',
21 silly publish      docs: 'browser-sync start --server --files ./docs --startPath ./docs',
21 silly publish      build: 'webpack --progress --hide-modules --config  webpack.build.min.js && webpack --progress --hide-modules --config webpack.build.js',
21 silly publish      lint: 'eslint --ext .js,.vue src || exit 0' },
21 silly publish   devDependencies:
21 silly publish    { autoprefixer: '^6.7.7',
21 silly publish      'babel-core': '^6.24.1',
21 silly publish      'babel-loader': '^6.4.1',
21 silly publish      'babel-polyfill': '^6.23.0',
21 silly publish      'babel-preset-es2015': '^6.24.1',
21 silly publish      'babel-preset-stage-0': '^6.24.1',
21 silly publish      'css-loader': '^0.28.0',
21 silly publish      'eslint-config-standart': '^0.2.0',
21 silly publish      'eslint-friendly-formatter': '^2.0.7',
21 silly publish      'eslint-loader': '^1.7.1',
21 silly publish      'eslint-plugin-html': '^2.0.1',
21 silly publish      'eslint-plugin-promise': '^3.5.0',
21 silly publish      'eslint-plugin-standard': '^3.0.1',
21 silly publish      'extract-text-webpack-plugin': '^2.1.0',
21 silly publish      'file-loader': '^0.11.1',
21 silly publish      ghooks: '^2.0.0',
21 silly publish      less: '^2.7.2',
21 silly publish      'less-loader': '^4.0.3',
21 silly publish      'postcss-loader': '^1.3.3',
21 silly publish      'style-loader': '^0.16.1',
21 silly publish      'url-loader': '^0.5.8',
21 silly publish      'validate-commit-msg': '^2.12.1',
21 silly publish      vue: '^2.2.6',
21 silly publish      'vue-hot-reload-api': '^2.1.0',
21 silly publish      'vue-html-loader': '^1.2.4',
21 silly publish      'vue-loader': '^11.3.4',
21 silly publish      'vue-markdown-loader': '^0.6.2',
21 silly publish      'vue-style-loader': '^3.0.0',
21 silly publish      'vue-template-compiler': '^2.2.6',
21 silly publish      webpack: '^1.12.2',
21 silly publish      'webpack-dev-server': '^1.12.0' },
21 silly publish   browserify: { transform: [ [Object] ] },
21 silly publish   readme: 'ERROR: No README data found!',
21 silly publish   readmeFilename: 'README.md',
21 silly publish   gitHead: '9658ea997612f4b5cde46c066df347a2744e57d4',
21 silly publish   _id: 'active-ui@1.0.0',
21 silly publish   _shasum: 'f049c89bc5395644d2b573ca6627f0ac18e3cb1b',
21 silly publish   _from: '.' }
22 verbose getPublishConfig undefined
23 silly mapToRegistry name active-ui
24 silly mapToRegistry using default registry
25 silly mapToRegistry registry https://registry.npmjs.org/
26 silly mapToRegistry data Result {
26 silly mapToRegistry   raw: 'active-ui',
26 silly mapToRegistry   scope: null,
26 silly mapToRegistry   escapedName: 'active-ui',
26 silly mapToRegistry   name: 'active-ui',
26 silly mapToRegistry   rawSpec: '',
26 silly mapToRegistry   spec: 'latest',
26 silly mapToRegistry   type: 'tag' }
27 silly mapToRegistry uri https://registry.npmjs.org/active-ui
28 verbose publish registryBase https://registry.npmjs.org/
29 silly publish uploading C:\Users\JanvierCheng\AppData\Roaming\npm-cache\active-ui\1.0.0\package.tgz
30 verbose request uri https://registry.npmjs.org/active-ui
31 verbose request sending authorization for write operation
32 info attempt registry request try #1 at 21:47:20
33 verbose request using bearer token for auth
34 verbose request id 403a228b658160f3
35 http request PUT https://registry.npmjs.org/active-ui
36 http 403 https://registry.npmjs.org/active-ui
37 verbose headers { 'content-type': 'application/json',
37 verbose headers   'cache-control': 'max-age=300',
37 verbose headers   'content-length': '95',
37 verbose headers   'accept-ranges': 'bytes',
37 verbose headers   date: 'Thu, 20 Apr 2017 12:47:23 GMT',
37 verbose headers   via: '1.1 varnish',
37 verbose headers   connection: 'keep-alive',
37 verbose headers   'x-served-by': 'cache-lax8629-LAX',
37 verbose headers   'x-cache': 'MISS',
37 verbose headers   'x-cache-hits': '0',
37 verbose headers   'x-timer': 'S1492692444.738009,VS0,VE188',
37 verbose headers   vary: 'Accept-Encoding' }
38 verbose request invalidating C:\Users\JanvierCheng\AppData\Roaming\npm-cache\registry.npmjs.org\active-ui on PUT
39 error publish Failed PUT 403
40 verbose stack Error: "You cannot publish over the previously published version 1.0.0." : active-ui
40 verbose stack     at makeError (C:\Program Files\nodejs\node_modules\npm\node_modules\npm-registry-client\lib\request.js:302:12)
40 verbose stack     at CachingRegistryClient.<anonymous> (C:\Program Files\nodejs\node_modules\npm\node_modules\npm-registry-client\lib\request.js:290:14)
40 verbose stack     at Request._callback (C:\Program Files\nodejs\node_modules\npm\node_modules\npm-registry-client\lib\request.js:210:14)
40 verbose stack     at Request.self.callback (C:\Program Files\nodejs\node_modules\npm\node_modules\request\request.js:187:22)
40 verbose stack     at emitTwo (events.js:106:13)
40 verbose stack     at Request.emit (events.js:191:7)
40 verbose stack     at Request.<anonymous> (C:\Program Files\nodejs\node_modules\npm\node_modules\request\request.js:1048:10)
40 verbose stack     at emitOne (events.js:96:13)
40 verbose stack     at Request.emit (events.js:188:7)
40 verbose stack     at IncomingMessage.<anonymous> (C:\Program Files\nodejs\node_modules\npm\node_modules\request\request.js:969:12)
41 verbose statusCode 403
42 verbose pkgid active-ui
43 verbose cwd C:\E\github\active-ui
44 error Windows_NT 10.0.14393
45 error argv "C:\\Program Files\\nodejs\\node.exe" "C:\\Program Files\\nodejs\\node_modules\\npm\\bin\\npm-cli.js" "publish"
46 error node v7.2.0
47 error npm  v3.10.9
48 error code E403
49 error "You cannot publish over the previously published version 1.0.0." : active-ui
50 error If you need help, you may report this error at:
50 error     <https://github.com/npm/npm/issues>
51 verbose exit [ 1, true ]
